<?xml version="1.0" encoding="UTF-8"?>
<!-- Generated by org.testng.reporters.JUnitReportReporter -->
<testsuite hostname="Shamanth" failures="0" tests="7" name="com.kumaran.TestNg.Test1" time="-1670827776.000" errors="1" timestamp="2022-12-12T12:19:32 IST" skipped="6">
  <testcase classname="com.kumaran.TestNg.Test1" name="report" time="-1670827776.000">
    <error message="
Can inject only one of &lt;ITestContext, XmlTest&gt; into a @BeforeTest annotated report.
For more information on native dependency injection please refer to https://testng.org/doc/documentation-main.html#native-dependency-injection" type="org.testng.TestNGException">
      <![CDATA[org.testng.TestNGException: 
Can inject only one of <ITestContext, XmlTest> into a @BeforeTest annotated report.
For more information on native dependency injection please refer to https://testng.org/doc/documentation-main.html#native-dependency-injection
at org.testng.internal.Parameters.checkParameterTypes(Parameters.java:436)
at org.testng.internal.Parameters.createParametersForMethod(Parameters.java:350)
at org.testng.internal.Parameters.createParameters(Parameters.java:693)
at org.testng.internal.Parameters.createConfigurationParameters(Parameters.java:166)
at org.testng.internal.invokers.ConfigInvoker.invokeConfigurations(ConfigInvoker.java:277)
at org.testng.TestRunner.invokeTestConfigurations(TestRunner.java:644)
at org.testng.TestRunner.beforeRun(TestRunner.java:633)
at org.testng.TestRunner.run(TestRunner.java:595)
at org.testng.SuiteRunner.runTest(SuiteRunner.java:437)
at org.testng.SuiteRunner.runSequentially(SuiteRunner.java:431)
at org.testng.SuiteRunner.privateRun(SuiteRunner.java:391)
at org.testng.SuiteRunner.run(SuiteRunner.java:330)
at org.testng.SuiteRunnerWorker.runSuite(SuiteRunnerWorker.java:52)
at org.testng.SuiteRunnerWorker.run(SuiteRunnerWorker.java:95)
at org.testng.TestNG.runSuitesSequentially(TestNG.java:1256)
at org.testng.TestNG.runSuitesLocally(TestNG.java:1176)
at org.testng.TestNG.runSuites(TestNG.java:1099)
at org.testng.TestNG.run(TestNG.java:1067)
at org.testng.remote.AbstractRemoteTestNG.run(AbstractRemoteTestNG.java:115)
at org.testng.remote.RemoteTestNG.initAndRun(RemoteTestNG.java:251)
at org.testng.remote.RemoteTestNG.main(RemoteTestNG.java:77)
]]>
    </error>
  </testcase> <!-- report -->
  <system-out/>
  <testcase classname="com.kumaran.TestNg.Test1" name="logOutPage" time="0.000">
    <skipped/>
  </testcase> <!-- logOutPage -->
  <system-out/>
  <testcase classname="com.kumaran.TestNg.Test1" name="dashBoardPage" time="0.000">
    <skipped/>
  </testcase> <!-- dashBoardPage -->
  <system-out/>
  <testcase classname="com.kumaran.TestNg.Test1" name="moduleThird" time="0.000">
    <skipped/>
  </testcase> <!-- moduleThird -->
  <system-out/>
  <testcase classname="com.kumaran.TestNg.Test1" name="moduleOne" time="0.000">
    <skipped/>
  </testcase> <!-- moduleOne -->
  <system-out/>
  <testcase classname="com.kumaran.TestNg.Test1" name="moduleSecond" time="0.000">
    <skipped/>
  </testcase> <!-- moduleSecond -->
  <system-out/>
  <testcase classname="com.kumaran.TestNg.Test1" name="loginPage" time="0.000">
    <skipped/>
  </testcase> <!-- loginPage -->
  <system-out/>
</testsuite> <!-- com.kumaran.TestNg.Test1 -->
